  main.cpp
C:\dev\vcpkg\installed\x86-windows\include\Magick++\Drawable.h(478,30): warning C4251: Magick::DrawableBezier::_coordinates: class "std::list<Magick::Coordinate,std::allocator<Magick::Coordinate>>" должен иметь dll-интерфейс для использования клиентами class "Magick::DrawableBezier"
C:\dev\vcpkg\installed\x86-windows\include\Magick++\Drawable.h(97): message : см. объявление "std::list<Magick::Coordinate,std::allocator<Magick::Coordinate>>"
C:\dev\vcpkg\installed\x86-windows\include\Magick++\Drawable.h(520,18): warning C4251: Magick::DrawablePushClipPath::_id: class "std::basic_string<char,std::char_traits<char>,std::allocator<char>>" должен иметь dll-интерфейс для использования клиентами class "Magick::DrawablePushClipPath"
C:\Program Files (x86)\Microsoft Visual Studio\2019\Community\VC\Tools\MSVC\14.28.29333\include\xstring(4648): message : см. объявление "std::basic_string<char,std::char_traits<char>,std::allocator<char>>"
C:\dev\vcpkg\installed\x86-windows\include\Magick++\Drawable.h(548,20): warning C4251: Magick::DrawableClipPath::_id: class "std::basic_string<char,std::char_traits<char>,std::allocator<char>>" должен иметь dll-интерфейс для использования клиентами class "Magick::DrawableClipPath"
C:\Program Files (x86)\Microsoft Visual Studio\2019\Community\VC\Tools\MSVC\14.28.29333\include\xstring(4648): message : см. объявление "std::basic_string<char,std::char_traits<char>,std::allocator<char>>"
C:\dev\vcpkg\installed\x86-windows\include\Magick++\Drawable.h(981,22): warning C4251: Magick::DrawableFont::_font: class "std::basic_string<char,std::char_traits<char>,std::allocator<char>>" должен иметь dll-интерфейс для использования клиентами class "Magick::DrawableFont"
C:\Program Files (x86)\Microsoft Visual Studio\2019\Community\VC\Tools\MSVC\14.28.29333\include\xstring(4648): message : см. объявление "std::basic_string<char,std::char_traits<char>,std::allocator<char>>"
C:\dev\vcpkg\installed\x86-windows\include\Magick++\Drawable.h(982,24): warning C4251: Magick::DrawableFont::_family: class "std::basic_string<char,std::char_traits<char>,std::allocator<char>>" должен иметь dll-интерфейс для использования клиентами class "Magick::DrawableFont"
C:\Program Files (x86)\Microsoft Visual Studio\2019\Community\VC\Tools\MSVC\14.28.29333\include\xstring(4648): message : см. объявление "std::basic_string<char,std::char_traits<char>,std::allocator<char>>"
C:\dev\vcpkg\installed\x86-windows\include\Magick++\Drawable.h(1150,18): warning C4251: Magick::DrawablePath::_path: class "std::list<Magick::VPath,std::allocator<Magick::VPath>>" должен иметь dll-интерфейс для использования клиентами class "Magick::DrawablePath"
C:\dev\vcpkg\installed\x86-windows\include\Magick++\Drawable.h(279): message : см. объявление "std::list<Magick::VPath,std::allocator<Magick::VPath>>"
C:\dev\vcpkg\installed\x86-windows\include\Magick++\Drawable.h(1239,30): warning C4251: Magick::DrawablePolygon::_coordinates: class "std::list<Magick::Coordinate,std::allocator<Magick::Coordinate>>" должен иметь dll-интерфейс для использования клиентами class "Magick::DrawablePolygon"
C:\dev\vcpkg\installed\x86-windows\include\Magick++\Drawable.h(97): message : см. объявление "std::list<Magick::Coordinate,std::allocator<Magick::Coordinate>>"
C:\dev\vcpkg\installed\x86-windows\include\Magick++\Drawable.h(1259,30): warning C4251: Magick::DrawablePolyline::_coordinates: class "std::list<Magick::Coordinate,std::allocator<Magick::Coordinate>>" должен иметь dll-интерфейс для использования клиентами class "Magick::DrawablePolyline"
C:\dev\vcpkg\installed\x86-windows\include\Magick++\Drawable.h(97): message : см. объявление "std::list<Magick::Coordinate,std::allocator<Magick::Coordinate>>"
C:\dev\vcpkg\installed\x86-windows\include\Magick++\Drawable.h(1343,26): warning C4251: Magick::DrawablePushPattern::_id: class "std::basic_string<char,std::char_traits<char>,std::allocator<char>>" должен иметь dll-интерфейс для использования клиентами class "Magick::DrawablePushPattern"
C:\Program Files (x86)\Microsoft Visual Studio\2019\Community\VC\Tools\MSVC\14.28.29333\include\xstring(4648): message : см. объявление "std::basic_string<char,std::char_traits<char>,std::allocator<char>>"
C:\dev\vcpkg\installed\x86-windows\include\Magick++\Drawable.h(1949,20): warning C4251: Magick::DrawableText::_text: class "std::basic_string<char,std::char_traits<char>,std::allocator<char>>" должен иметь dll-интерфейс для использования клиентами class "Magick::DrawableText"
C:\Program Files (x86)\Microsoft Visual Studio\2019\Community\VC\Tools\MSVC\14.28.29333\include\xstring(4648): message : см. объявление "std::basic_string<char,std::char_traits<char>,std::allocator<char>>"
C:\dev\vcpkg\installed\x86-windows\include\Magick++\Drawable.h(1950,24): warning C4251: Magick::DrawableText::_encoding: class "std::basic_string<char,std::char_traits<char>,std::allocator<char>>" должен иметь dll-интерфейс для использования клиентами class "Magick::DrawableText"
C:\Program Files (x86)\Microsoft Visual Studio\2019\Community\VC\Tools\MSVC\14.28.29333\include\xstring(4648): message : см. объявление "std::basic_string<char,std::char_traits<char>,std::allocator<char>>"
C:\dev\vcpkg\installed\x86-windows\include\Magick++\Drawable.h(2283,31): warning C4251: Magick::PathArcAbs::_coordinates: class "std::list<Magick::PathArcArgs,std::allocator<Magick::PathArcArgs>>" должен иметь dll-интерфейс для использования клиентами class "Magick::PathArcAbs"
C:\dev\vcpkg\installed\x86-windows\include\Magick++\Drawable.h(2248): message : см. объявление "std::list<Magick::PathArcArgs,std::allocator<Magick::PathArcArgs>>"
C:\dev\vcpkg\installed\x86-windows\include\Magick++\Drawable.h(2305,31): warning C4251: Magick::PathArcRel::_coordinates: class "std::list<Magick::PathArcArgs,std::allocator<Magick::PathArcArgs>>" должен иметь dll-интерфейс для использования клиентами class "Magick::PathArcRel"
C:\dev\vcpkg\installed\x86-windows\include\Magick++\Drawable.h(2248): message : см. объявление "std::list<Magick::PathArcArgs,std::allocator<Magick::PathArcArgs>>"
C:\dev\vcpkg\installed\x86-windows\include\Magick++\Drawable.h(2456,28): warning C4251: Magick::PathCurvetoAbs::_args: class "std::list<Magick::PathCurvetoArgs,std::allocator<Magick::PathCurvetoArgs>>" должен иметь dll-интерфейс для использования клиентами class "Magick::PathCurvetoAbs"
C:\dev\vcpkg\installed\x86-windows\include\Magick++\Drawable.h(2422): message : см. объявление "std::list<Magick::PathCurvetoArgs,std::allocator<Magick::PathCurvetoArgs>>"
C:\dev\vcpkg\installed\x86-windows\include\Magick++\Drawable.h(2479,28): warning C4251: Magick::PathCurvetoRel::_args: class "std::list<Magick::PathCurvetoArgs,std::allocator<Magick::PathCurvetoArgs>>" должен иметь dll-интерфейс для использования клиентами class "Magick::PathCurvetoRel"
C:\dev\vcpkg\installed\x86-windows\include\Magick++\Drawable.h(2422): message : см. объявление "std::list<Magick::PathCurvetoArgs,std::allocator<Magick::PathCurvetoArgs>>"
C:\dev\vcpkg\installed\x86-windows\include\Magick++\Drawable.h(2503,30): warning C4251: Magick::PathSmoothCurvetoAbs::_coordinates: class "std::list<Magick::Coordinate,std::allocator<Magick::Coordinate>>" должен иметь dll-интерфейс для использования клиентами class "Magick::PathSmoothCurvetoAbs"
C:\dev\vcpkg\installed\x86-windows\include\Magick++\Drawable.h(97): message : см. объявление "std::list<Magick::Coordinate,std::allocator<Magick::Coordinate>>"
C:\dev\vcpkg\installed\x86-windows\include\Magick++\Drawable.h(2528,30): warning C4251: Magick::PathSmoothCurvetoRel::_coordinates: class "std::list<Magick::Coordinate,std::allocator<Magick::Coordinate>>" должен иметь dll-интерфейс для использования клиентами class "Magick::PathSmoothCurvetoRel"
C:\dev\vcpkg\installed\x86-windows\include\Magick++\Drawable.h(97): message : см. объявление "std::list<Magick::Coordinate,std::allocator<Magick::Coordinate>>"
C:\dev\vcpkg\installed\x86-windows\include\Magick++\Drawable.h(2640,37): warning C4251: Magick::PathQuadraticCurvetoAbs::_args: class "std::list<Magick::PathQuadraticCurvetoArgs,std::allocator<Magick::PathQuadraticCurvetoArgs>>" должен иметь dll-интерфейс для использования клиентами class "Magick::PathQuadraticCurvetoAbs"
C:\dev\vcpkg\installed\x86-windows\include\Magick++\Drawable.h(2606): message : см. объявление "std::list<Magick::PathQuadraticCurvetoArgs,std::allocator<Magick::PathQuadraticCurvetoArgs>>"
C:\dev\vcpkg\installed\x86-windows\include\Magick++\Drawable.h(2664,37): warning C4251: Magick::PathQuadraticCurvetoRel::_args: class "std::list<Magick::PathQuadraticCurvetoArgs,std::allocator<Magick::PathQuadraticCurvetoArgs>>" должен иметь dll-интерфейс для использования клиентами class "Magick::PathQuadraticCurvetoRel"
C:\dev\vcpkg\installed\x86-windows\include\Magick++\Drawable.h(2606): message : см. объявление "std::list<Magick::PathQuadraticCurvetoArgs,std::allocator<Magick::PathQuadraticCurvetoArgs>>"
C:\dev\vcpkg\installed\x86-windows\include\Magick++\Drawable.h(2688,30): warning C4251: Magick::PathSmoothQuadraticCurvetoAbs::_coordinates: class "std::list<Magick::Coordinate,std::allocator<Magick::Coordinate>>" должен иметь dll-интерфейс для использования клиентами class "Magick::PathSmoothQuadraticCurvetoAbs"
C:\dev\vcpkg\installed\x86-windows\include\Magick++\Drawable.h(97): message : см. объявление "std::list<Magick::Coordinate,std::allocator<Magick::Coordinate>>"
C:\dev\vcpkg\installed\x86-windows\include\Magick++\Drawable.h(2712,30): warning C4251: Magick::PathSmoothQuadraticCurvetoRel::_coordinates: class "std::list<Magick::Coordinate,std::allocator<Magick::Coordinate>>" должен иметь dll-интерфейс для использования клиентами class "Magick::PathSmoothQuadraticCurvetoRel"
C:\dev\vcpkg\installed\x86-windows\include\Magick++\Drawable.h(97): message : см. объявление "std::list<Magick::Coordinate,std::allocator<Magick::Coordinate>>"
C:\dev\vcpkg\installed\x86-windows\include\Magick++\Drawable.h(2740,30): warning C4251: Magick::PathLinetoAbs::_coordinates: class "std::list<Magick::Coordinate,std::allocator<Magick::Coordinate>>" должен иметь dll-интерфейс для использования клиентами class "Magick::PathLinetoAbs"
C:\dev\vcpkg\installed\x86-windows\include\Magick++\Drawable.h(97): message : см. объявление "std::list<Magick::Coordinate,std::allocator<Magick::Coordinate>>"
C:\dev\vcpkg\installed\x86-windows\include\Magick++\Drawable.h(2764,30): warning C4251: Magick::PathLinetoRel::_coordinates: class "std::list<Magick::Coordinate,std::allocator<Magick::Coordinate>>" должен иметь dll-интерфейс для использования клиентами class "Magick::PathLinetoRel"
C:\dev\vcpkg\installed\x86-windows\include\Magick++\Drawable.h(97): message : см. объявление "std::list<Magick::Coordinate,std::allocator<Magick::Coordinate>>"
C:\dev\vcpkg\installed\x86-windows\include\Magick++\Drawable.h(2906,30): warning C4251: Magick::PathMovetoAbs::_coordinates: class "std::list<Magick::Coordinate,std::allocator<Magick::Coordinate>>" должен иметь dll-интерфейс для использования клиентами class "Magick::PathMovetoAbs"
C:\dev\vcpkg\installed\x86-windows\include\Magick++\Drawable.h(97): message : см. объявление "std::list<Magick::Coordinate,std::allocator<Magick::Coordinate>>"
C:\dev\vcpkg\installed\x86-windows\include\Magick++\Drawable.h(2930,30): warning C4251: Magick::PathMovetoRel::_coordinates: class "std::list<Magick::Coordinate,std::allocator<Magick::Coordinate>>" должен иметь dll-интерфейс для использования клиентами class "Magick::PathMovetoRel"
C:\dev\vcpkg\installed\x86-windows\include\Magick++\Drawable.h(97): message : см. объявление "std::list<Magick::Coordinate,std::allocator<Magick::Coordinate>>"
C:\dev\vcpkg\installed\x86-windows\include\Magick++\Exception.h(22,3): warning C4275: class "std::exception", не являющийся dll-интерфейсом, использован в качестве базового для dll-интерфейса class "Magick::Exception"
C:\Program Files (x86)\Microsoft Visual Studio\2019\Community\VC\Tools\MSVC\14.28.29333\include\vcruntime_exception.h(48): message : см. объявление "std::exception"
C:\dev\vcpkg\installed\x86-windows\include\Magick++\Exception.h(21): message : см. объявление "Magick::Exception"
C:\dev\vcpkg\installed\x86-windows\include\Magick++\Exception.h(31,22): warning C4251: Magick::Exception::_what: class "std::basic_string<char,std::char_traits<char>,std::allocator<char>>" должен иметь dll-интерфейс для использования клиентами class "Magick::Exception"
C:\Program Files (x86)\Microsoft Visual Studio\2019\Community\VC\Tools\MSVC\14.28.29333\include\xstring(4648): message : см. объявление "std::basic_string<char,std::char_traits<char>,std::allocator<char>>"
C:\dev\vcpkg\installed\x86-windows\include\Magick++\CoderInfo.h(65,30): warning C4251: Magick::CoderInfo::_name: class "std::basic_string<char,std::char_traits<char>,std::allocator<char>>" должен иметь dll-интерфейс для использования клиентами class "Magick::CoderInfo"
C:\Program Files (x86)\Microsoft Visual Studio\2019\Community\VC\Tools\MSVC\14.28.29333\include\xstring(4648): message : см. объявление "std::basic_string<char,std::char_traits<char>,std::allocator<char>>"
C:\dev\vcpkg\installed\x86-windows\include\Magick++\CoderInfo.h(66,37): warning C4251: Magick::CoderInfo::_description: class "std::basic_string<char,std::char_traits<char>,std::allocator<char>>" должен иметь dll-интерфейс для использования клиентами class "Magick::CoderInfo"
C:\Program Files (x86)\Microsoft Visual Studio\2019\Community\VC\Tools\MSVC\14.28.29333\include\xstring(4648): message : см. объявление "std::basic_string<char,std::char_traits<char>,std::allocator<char>>"
C:\dev\vcpkg\installed\x86-windows\include\Magick++\Montage.h(127,32): warning C4251: Magick::Montage::_fileName: class "std::basic_string<char,std::char_traits<char>,std::allocator<char>>" должен иметь dll-интерфейс для использования клиентами class "Magick::Montage"
C:\Program Files (x86)\Microsoft Visual Studio\2019\Community\VC\Tools\MSVC\14.28.29333\include\xstring(4648): message : см. объявление "std::basic_string<char,std::char_traits<char>,std::allocator<char>>"
C:\dev\vcpkg\installed\x86-windows\include\Magick++\Montage.h(129,28): warning C4251: Magick::Montage::_font: class "std::basic_string<char,std::char_traits<char>,std::allocator<char>>" должен иметь dll-интерфейс для использования клиентами class "Magick::Montage"
C:\Program Files (x86)\Microsoft Visual Studio\2019\Community\VC\Tools\MSVC\14.28.29333\include\xstring(4648): message : см. объявление "std::basic_string<char,std::char_traits<char>,std::allocator<char>>"
C:\dev\vcpkg\installed\x86-windows\include\Magick++\Montage.h(132,29): warning C4251: Magick::Montage::_label: class "std::basic_string<char,std::char_traits<char>,std::allocator<char>>" должен иметь dll-интерфейс для использования клиентами class "Magick::Montage"
C:\Program Files (x86)\Microsoft Visual Studio\2019\Community\VC\Tools\MSVC\14.28.29333\include\xstring(4648): message : см. объявление "std::basic_string<char,std::char_traits<char>,std::allocator<char>>"
C:\dev\vcpkg\installed\x86-windows\include\Magick++\Montage.h(136,31): warning C4251: Magick::Montage::_texture: class "std::basic_string<char,std::char_traits<char>,std::allocator<char>>" должен иметь dll-интерфейс для использования клиентами class "Magick::Montage"
C:\Program Files (x86)\Microsoft Visual Studio\2019\Community\VC\Tools\MSVC\14.28.29333\include\xstring(4648): message : см. объявление "std::basic_string<char,std::char_traits<char>,std::allocator<char>>"
C:\dev\vcpkg\installed\x86-windows\include\Magick++\Montage.h(138,29): warning C4251: Magick::Montage::_title: class "std::basic_string<char,std::char_traits<char>,std::allocator<char>>" должен иметь dll-интерфейс для использования клиентами class "Magick::Montage"
C:\Program Files (x86)\Microsoft Visual Studio\2019\Community\VC\Tools\MSVC\14.28.29333\include\xstring(4648): message : см. объявление "std::basic_string<char,std::char_traits<char>,std::allocator<char>>"
C:\dev\vcpkg\installed\x86-windows\include\Magick++\STL.h(137,30): warning C4251: Magick::annotateImage::_text: class "std::basic_string<char,std::char_traits<char>,std::allocator<char>>" должен иметь dll-интерфейс для использования клиентами class "Magick::annotateImage"
C:\Program Files (x86)\Microsoft Visual Studio\2019\Community\VC\Tools\MSVC\14.28.29333\include\xstring(4648): message : см. объявление "std::basic_string<char,std::char_traits<char>,std::allocator<char>>"
C:\dev\vcpkg\installed\x86-windows\include\Magick++\STL.h(239,23): warning C4251: Magick::cdlImage::_cdl: class "std::basic_string<char,std::char_traits<char>,std::allocator<char>>" должен иметь dll-интерфейс для использования клиентами class "Magick::cdlImage"
C:\Program Files (x86)\Microsoft Visual Studio\2019\Community\VC\Tools\MSVC\14.28.29333\include\xstring(4648): message : см. объявление "std::basic_string<char,std::char_traits<char>,std::allocator<char>>"
C:\dev\vcpkg\installed\x86-windows\include\Magick++\STL.h(278,25): warning C4251: Magick::commentImage::_comment: class "std::basic_string<char,std::char_traits<char>,std::allocator<char>>" должен иметь dll-интерфейс для использования клиентами class "Magick::commentImage"
C:\Program Files (x86)\Microsoft Visual Studio\2019\Community\VC\Tools\MSVC\14.28.29333\include\xstring(4648): message : см. объявление "std::basic_string<char,std::char_traits<char>,std::allocator<char>>"
C:\dev\vcpkg\installed\x86-windows\include\Magick++\STL.h(365,31): warning C4251: Magick::drawImage::_drawableList: class "std::list<Magick::Drawable,std::allocator<Magick::Drawable>>" должен иметь dll-интерфейс для использования клиентами class "Magick::drawImage"
C:\dev\vcpkg\installed\x86-windows\include\Magick++\Drawable.h(199): message : см. объявление "std::list<Magick::Drawable,std::allocator<Magick::Drawable>>"
C:\dev\vcpkg\installed\x86-windows\include\Magick++\STL.h(656,23): warning C4251: Magick::labelImage::_label: class "std::basic_string<char,std::char_traits<char>,std::allocator<char>>" должен иметь dll-интерфейс для использования клиентами class "Magick::labelImage"
C:\Program Files (x86)\Microsoft Visual Studio\2019\Community\VC\Tools\MSVC\14.28.29333\include\xstring(4648): message : см. объявление "std::basic_string<char,std::char_traits<char>,std::allocator<char>>"
C:\dev\vcpkg\installed\x86-windows\include\Magick++\STL.h(1278,35): warning C4251: Magick::backgroundTextureImage::_backgroundTexture: class "std::basic_string<char,std::char_traits<char>,std::allocator<char>>" должен иметь dll-интерфейс для использования клиентами class "Magick::backgroundTextureImage"
C:\Program Files (x86)\Microsoft Visual Studio\2019\Community\VC\Tools\MSVC\14.28.29333\include\xstring(4648): message : см. объявление "std::basic_string<char,std::char_traits<char>,std::allocator<char>>"
C:\dev\vcpkg\installed\x86-windows\include\Magick++\STL.h(1453,26): warning C4251: Magick::fileNameImage::_fileName: class "std::basic_string<char,std::char_traits<char>,std::allocator<char>>" должен иметь dll-интерфейс для использования клиентами class "Magick::fileNameImage"
C:\Program Files (x86)\Microsoft Visual Studio\2019\Community\VC\Tools\MSVC\14.28.29333\include\xstring(4648): message : см. объявление "std::basic_string<char,std::char_traits<char>,std::allocator<char>>"
C:\dev\vcpkg\installed\x86-windows\include\Magick++\STL.h(1477,22): warning C4251: Magick::fontImage::_font: class "std::basic_string<char,std::char_traits<char>,std::allocator<char>>" должен иметь dll-интерфейс для использования клиентами class "Magick::fontImage"
C:\Program Files (x86)\Microsoft Visual Studio\2019\Community\VC\Tools\MSVC\14.28.29333\include\xstring(4648): message : см. объявление "std::basic_string<char,std::char_traits<char>,std::allocator<char>>"
C:\dev\vcpkg\installed\x86-windows\include\Magick++\STL.h(1537,24): warning C4251: Magick::magickImage::_magick: class "std::basic_string<char,std::char_traits<char>,std::allocator<char>>" должен иметь dll-интерфейс для использования клиентами class "Magick::magickImage"
C:\Program Files (x86)\Microsoft Visual Studio\2019\Community\VC\Tools\MSVC\14.28.29333\include\xstring(4648): message : см. объявление "std::basic_string<char,std::char_traits<char>,std::allocator<char>>"
C:\dev\vcpkg\installed\x86-windows\include\Magick++\STL.h(1769,26): warning C4251: Magick::tileNameImage::_tileName: class "std::basic_string<char,std::char_traits<char>,std::allocator<char>>" должен иметь dll-интерфейс для использования клиентами class "Magick::tileNameImage"
C:\Program Files (x86)\Microsoft Visual Studio\2019\Community\VC\Tools\MSVC\14.28.29333\include\xstring(4648): message : см. объявление "std::basic_string<char,std::char_traits<char>,std::allocator<char>>"
C:\dev\vcpkg\installed\x86-windows\include\Magick++\STL.h(1806,22): warning C4251: Magick::viewImage::_view: class "std::basic_string<char,std::char_traits<char>,std::allocator<char>>" должен иметь dll-интерфейс для использования клиентами class "Magick::viewImage"
C:\Program Files (x86)\Microsoft Visual Studio\2019\Community\VC\Tools\MSVC\14.28.29333\include\xstring(4648): message : см. объявление "std::basic_string<char,std::char_traits<char>,std::allocator<char>>"
C:\dev\vcpkg\installed\x86-windows\include\Magick++\STL.h(1819,25): warning C4251: Magick::x11DisplayImage::_display: class "std::basic_string<char,std::char_traits<char>,std::allocator<char>>" должен иметь dll-интерфейс для использования клиентами class "Magick::x11DisplayImage"
C:\Program Files (x86)\Microsoft Visual Studio\2019\Community\VC\Tools\MSVC\14.28.29333\include\xstring(4648): message : см. объявление "std::basic_string<char,std::char_traits<char>,std::allocator<char>>"
  43.vcxproj -> C:\Users\Tommi\source\repos\Laba6\43\Debug\43.exe
